<?xml version="1.0" encoding="UTF-8"?>
<!-- Generated by org.testng.reporters.JUnitReportReporter -->
<testsuite skipped="0" hostname="DESKTOP-VG7FOF4" name="handsOn.DropDown_OT" tests="1" failures="0" timestamp="2023-02-12T11:27:51 IST" time="0.983" errors="0">
  <testcase name="f" time="0.983" classname="handsOn.DropDown_OT"/>
  <system-out/>
</testsuite> <!-- handsOn.DropDown_OT -->
