<?xml version="1.0" encoding="UTF-8"?>
<!-- Generated by org.testng.reporters.JUnitReportReporter -->
<testsuite skipped="0" hostname="DESKTOP-VG7FOF4" name="testNG_Examples2.ScreenShot_Eg" tests="1" failures="0" timestamp="2023-03-14T17:37:04 IST" time="9.607" errors="0">
  <testcase name="screenshotMethod" time="9.607" classname="testNG_Examples2.ScreenShot_Eg"/>
  <system-out/>
</testsuite> <!-- testNG_Examples2.ScreenShot_Eg -->
