<?xml version="1.0" encoding="UTF-8"?>
<!-- Generated by org.testng.reporters.JUnitReportReporter -->
<testsuite skipped="0" hostname="DESKTOP-VG7FOF4" name="testNG_Examples2.ParameterizationXML_Eg" tests="2" failures="0" timestamp="2023-03-03T15:49:40 IST" time="17.669" errors="0">
  <testcase name="f" time="9.178" classname="testNG_Examples2.ParameterizationXML_Eg"/>
  <system-out/>
  <testcase name="f" time="8.491" classname="testNG_Examples2.ParameterizationXML_Eg"/>
  <system-out/>
</testsuite> <!-- testNG_Examples2.ParameterizationXML_Eg -->
