<?xml version="1.0" encoding="UTF-8"?>
<!-- Generated by org.testng.reporters.JUnitReportReporter -->
<testsuite skipped="0" hostname="DESKTOP-VG7FOF4" name="testNG_Examples2.RadioButton_Dropdown_Eg" tests="1" failures="0" timestamp="2023-02-10T07:21:52 IST" time="4.993" errors="0">
  <testcase name="radioButton_checkBox_dropDown" time="4.993" classname="testNG_Examples2.RadioButton_Dropdown_Eg"/>
  <system-out/>
</testsuite> <!-- testNG_Examples2.RadioButton_Dropdown_Eg -->
