<?xml version="1.0" encoding="UTF-8"?>
<!-- Generated by org.testng.reporters.JUnitReportReporter -->
<testsuite skipped="0" hostname="DESKTOP-VG7FOF4" name="testNG_Assignments.ActionClass" tests="1" failures="0" timestamp="2023-02-20T07:44:11 IST" time="1.926" errors="0">
  <testcase name="assignment_actionclass" time="1.926" classname="testNG_Assignments.ActionClass"/>
  <system-out/>
</testsuite> <!-- testNG_Assignments.ActionClass -->
