<?xml version="1.0" encoding="UTF-8"?>
<!-- Generated by org.testng.reporters.JUnitReportReporter -->
<testsuite skipped="0" hostname="DESKTOP-VG7FOF4" name="testNG_Examples2.DargAndDrop_Eg" tests="1" failures="0" timestamp="2023-02-14T07:37:45 IST" time="5.304" errors="0">
  <testcase name="f" time="5.304" classname="testNG_Examples2.DargAndDrop_Eg"/>
  <system-out/>
</testsuite> <!-- testNG_Examples2.DargAndDrop_Eg -->
