<?xml version="1.0" encoding="UTF-8"?>
<!-- Generated by org.testng.reporters.JUnitReportReporter -->
<testsuite skipped="0" hostname="DESKTOP-VG7FOF4" name="handsOn.IFrame_RahulShetty" tests="1" failures="0" timestamp="2023-02-20T19:08:06 IST" time="2.486" errors="0">
  <testcase name="f" time="2.486" classname="handsOn.IFrame_RahulShetty"/>
  <system-out/>
</testsuite> <!-- handsOn.IFrame_RahulShetty -->
