<?xml version="1.0" encoding="UTF-8"?>
<!-- Generated by org.testng.reporters.JUnitReportReporter -->
<testsuite skipped="0" hostname="DESKTOP-VG7FOF4" name="testNG_Examples2.WindowHandle_Eg" tests="1" failures="0" timestamp="2023-02-22T11:54:57 IST" time="10.507" errors="0">
  <testcase name="f" time="10.507" classname="testNG_Examples2.WindowHandle_Eg"/>
  <system-out/>
</testsuite> <!-- testNG_Examples2.WindowHandle_Eg -->
