<?xml version="1.0" encoding="UTF-8"?>
<!-- Generated by org.testng.reporters.JUnitReportReporter -->
<testsuite skipped="0" hostname="DESKTOP-VG7FOF4" name="testNG_Examples2.WebTableHandling_singleCellReading_Eg2" tests="1" failures="0" timestamp="2023-02-28T17:34:52 IST" time="0.939" errors="0">
  <testcase name="f" time="0.939" classname="testNG_Examples2.WebTableHandling_singleCellReading_Eg2"/>
  <system-out/>
</testsuite> <!-- testNG_Examples2.WebTableHandling_singleCellReading_Eg2 -->
