<?xml version="1.0" encoding="UTF-8"?>
<!-- Generated by org.testng.reporters.JUnitReportReporter -->
<testsuite skipped="0" hostname="DESKTOP-VG7FOF4" name="handsOn.ImplicitWait" tests="1" failures="0" timestamp="2023-02-21T16:23:22 IST" time="0.265" errors="0">
  <testcase name="f" time="0.265" classname="handsOn.ImplicitWait"/>
  <system-out/>
</testsuite> <!-- handsOn.ImplicitWait -->
