<?xml version="1.0" encoding="UTF-8"?>
<!-- Generated by org.testng.reporters.JUnitReportReporter -->
<testsuite skipped="0" hostname="DESKTOP-VG7FOF4" name="selenium_TestNG_Examples.HomePage" tests="1" failures="0" timestamp="2023-02-07T06:47:05 IST" time="0.020" errors="0">
  <testcase name="home" time="0.020" classname="selenium_TestNG_Examples.HomePage"/>
  <system-out/>
</testsuite> <!-- selenium_TestNG_Examples.HomePage -->
