<?xml version="1.0" encoding="UTF-8"?>
<!-- Generated by org.testng.reporters.JUnitReportReporter -->
<testsuite skipped="0" hostname="DESKTOP-VG7FOF4" name="testNG_Assignments.PracticeForm_Scroll" tests="1" failures="0" timestamp="2023-02-22T16:00:50 IST" time="5.727" errors="0">
  <testcase name="f" time="5.727" classname="testNG_Assignments.PracticeForm_Scroll"/>
  <system-out/>
</testsuite> <!-- testNG_Assignments.PracticeForm_Scroll -->
