<?xml version="1.0" encoding="UTF-8"?>
<!-- Generated by org.testng.reporters.JUnitReportReporter -->
<testsuite skipped="1" hostname="DESKTOP-VG7FOF4" name="testNG_Assignments.TitleReadAndValidate_ExcelRead" tests="1" failures="0" timestamp="2023-02-15T17:31:02 IST" time="0.000" errors="0">
  <testcase name="validateTitle" time="0.000" classname="testNG_Assignments.TitleReadAndValidate_ExcelRead">
    <skipped/>
  </testcase> <!-- validateTitle -->
  <system-out/>
</testsuite> <!-- testNG_Assignments.TitleReadAndValidate_ExcelRead -->
