<?xml version="1.0" encoding="UTF-8"?>
<!-- Generated by org.testng.reporters.JUnitReportReporter -->
<testsuite skipped="0" hostname="DESKTOP-VG7FOF4" name="testNG_Examples2.RadioButton_Eg" tests="1" failures="0" timestamp="2023-02-09T18:44:03 IST" time="1.448" errors="0">
  <testcase name="radioButton_checkBox_dropDown" time="1.448" classname="testNG_Examples2.RadioButton_Eg"/>
  <system-out/>
</testsuite> <!-- testNG_Examples2.RadioButton_Eg -->
