<?xml version="1.0" encoding="UTF-8"?>
<!-- Generated by org.testng.reporters.JUnitReportReporter -->
<testsuite skipped="0" hostname="DESKTOP-VG7FOF4" name="selenium_TestNG_Examples.AnnotationExample" tests="2" failures="0" timestamp="2023-02-06T18:35:39 IST" time="0.029" errors="0">
  <testcase name="f1" time="0.012" classname="selenium_TestNG_Examples.AnnotationExample"/>
  <system-out/>
  <testcase name="f" time="0.017" classname="selenium_TestNG_Examples.AnnotationExample"/>
  <system-out/>
</testsuite> <!-- selenium_TestNG_Examples.AnnotationExample -->
