<?xml version="1.0" encoding="UTF-8"?>
<!-- Generated by org.testng.reporters.JUnitReportReporter -->
<testsuite skipped="0" hostname="DESKTOP-VG7FOF4" name="testNG_Examples2.MouseHover_RightClick" tests="1" failures="0" timestamp="2023-02-14T19:18:02 IST" time="2.739" errors="0">
  <testcase name="f" time="2.739" classname="testNG_Examples2.MouseHover_RightClick"/>
  <system-out/>
</testsuite> <!-- testNG_Examples2.MouseHover_RightClick -->
