<?xml version="1.0" encoding="UTF-8"?>
<!-- Generated by org.testng.reporters.JUnitReportReporter -->
<testsuite skipped="0" hostname="DESKTOP-VG7FOF4" name="testNG_Assignments.RadioButton_CheckBox" tests="1" failures="0" timestamp="2023-02-09T19:04:26 IST" time="0.134" errors="0">
  <testcase name="validate_RadioButton_CheckBox" time="0.134" classname="testNG_Assignments.RadioButton_CheckBox"/>
  <system-out/>
</testsuite> <!-- testNG_Assignments.RadioButton_CheckBox -->
