<?xml version="1.0" encoding="UTF-8"?>
<!-- Generated by org.testng.reporters.JUnitReportReporter -->
<testsuite skipped="0" hostname="DESKTOP-VG7FOF4" name="testNG_Examples2.FluentWait_Eg" tests="1" failures="0" timestamp="2023-02-21T07:33:10 IST" time="6.695" errors="0">
  <testcase name="f" time="6.695" classname="testNG_Examples2.FluentWait_Eg"/>
  <system-out/>
</testsuite> <!-- testNG_Examples2.FluentWait_Eg -->
