<?xml version="1.0" encoding="UTF-8"?>
<!-- Generated by org.testng.reporters.JUnitReportReporter -->
<testsuite skipped="0" hostname="DESKTOP-VG7FOF4" name="testNG_Examples2.WebTableHandling_Eg" tests="1" failures="0" timestamp="2023-02-24T07:28:56 IST" time="10.376" errors="0">
  <testcase name="f" time="10.376" classname="testNG_Examples2.WebTableHandling_Eg"/>
  <system-out/>
</testsuite> <!-- testNG_Examples2.WebTableHandling_Eg -->
