<?xml version="1.0" encoding="UTF-8"?>
<!-- Generated by org.testng.reporters.JUnitReportReporter -->
<testsuite skipped="1" hostname="DESKTOP-VG7FOF4" name="testNG_Assignments.RadioButton" tests="1" failures="0" timestamp="2023-02-15T17:31:02 IST" time="0.000" errors="0">
  <testcase name="validate_RadioButton" time="0.000" classname="testNG_Assignments.RadioButton">
    <skipped/>
  </testcase> <!-- validate_RadioButton -->
  <system-out/>
</testsuite> <!-- testNG_Assignments.RadioButton -->
