<?xml version="1.0" encoding="UTF-8"?>
<!-- Generated by org.testng.reporters.JUnitReportReporter -->
<testsuite skipped="0" hostname="DESKTOP-VG7FOF4" name="testNG_Examples2.RobotClass_KeyboardActions" tests="1" failures="0" timestamp="2023-02-16T07:35:26 IST" time="4.073" errors="0">
  <testcase name="inputUsingKeyboardActions" time="4.073" classname="testNG_Examples2.RobotClass_KeyboardActions"/>
  <system-out/>
</testsuite> <!-- testNG_Examples2.RobotClass_KeyboardActions -->
