<?xml version="1.0" encoding="UTF-8"?>
<!-- Generated by org.testng.reporters.JUnitReportReporter -->
<testsuite skipped="0" hostname="DESKTOP-VG7FOF4" name="handsOn.JQuery_Select2_OT" tests="1" failures="0" timestamp="2023-02-15T19:13:46 IST" time="7.061" errors="0">
  <testcase name="f" time="7.061" classname="handsOn.JQuery_Select2_OT"/>
  <system-out/>
</testsuite> <!-- handsOn.JQuery_Select2_OT -->
