<?xml version="1.0" encoding="UTF-8"?>
<!-- Generated by org.testng.reporters.JUnitReportReporter -->
<testsuite skipped="0" hostname="DESKTOP-VG7FOF4" name="handsOn.ExplicitWait" tests="1" failures="0" timestamp="2023-02-21T16:06:32 IST" time="5.355" errors="0">
  <testcase name="f" time="5.355" classname="handsOn.ExplicitWait"/>
  <system-out/>
</testsuite> <!-- handsOn.ExplicitWait -->
