<?xml version="1.0" encoding="UTF-8"?>
<!-- Generated by org.testng.reporters.JUnitReportReporter -->
<testsuite skipped="0" hostname="DESKTOP-VG7FOF4" name="testNG_Examples2.Alert_Eg" tests="1" failures="0" timestamp="2023-02-20T07:29:24 IST" time="1.790" errors="0">
  <testcase name="alertValidation" time="1.790" classname="testNG_Examples2.Alert_Eg"/>
  <system-out/>
</testsuite> <!-- testNG_Examples2.Alert_Eg -->
