<?xml version="1.0" encoding="UTF-8"?>
<!-- Generated by org.testng.reporters.JUnitReportReporter -->
<testsuite skipped="0" hostname="DESKTOP-VG7FOF4" name="testNG_Examples2.FileUpload_Eg" tests="1" failures="0" timestamp="2023-02-16T07:52:06 IST" time="0.818" errors="0">
  <testcase name="imageUpload" time="0.818" classname="testNG_Examples2.FileUpload_Eg"/>
  <system-out/>
</testsuite> <!-- testNG_Examples2.FileUpload_Eg -->
