<?xml version="1.0" encoding="UTF-8"?>
<!-- Generated by org.testng.reporters.JUnitReportReporter -->
<testsuite skipped="0" hostname="DESKTOP-VG7FOF4" name="selenium_TestNG_Examples.LoginPage" tests="1" failures="0" timestamp="2023-02-07T06:47:05 IST" time="0.007" errors="0">
  <testcase name="phoneNumber" time="0.007" classname="selenium_TestNG_Examples.LoginPage"/>
  <system-out/>
</testsuite> <!-- selenium_TestNG_Examples.LoginPage -->
